Not Found: /sobha/download/
Not Found: /sobha/download/
Internal Server Error: /sobha/download/
Traceback (most recent call last):
  File "/home/atstlbzy/public_html/sobha/Brigadeapp/views.py", line 109, in download_file
    response = requests.get(url)
NameError: name 'requests' is not defined

During handling of the above exception, another exception occurred:

Traceback (most recent call last):
  File "/home/atstlbzy/virtualenv/public_html/sobha/3.9/lib/python3.9/site-packages/django/core/handlers/exception.py", line 55, in inner
    response = get_response(request)
  File "/home/atstlbzy/virtualenv/public_html/sobha/3.9/lib/python3.9/site-packages/django/core/handlers/base.py", line 197, in _get_response
    response = wrapped_callback(request, *callback_args, **callback_kwargs)
  File "/home/atstlbzy/public_html/sobha/Brigadeapp/views.py", line 117, in download_file
    except requests.exceptions.RequestException:
NameError: name 'requests' is not defined
Internal Server Error: /sobha/download/
Traceback (most recent call last):
  File "/home/atstlbzy/public_html/sobha/Brigadeapp/views.py", line 109, in download_file
    response = requests.get(url)
NameError: name 'requests' is not defined

During handling of the above exception, another exception occurred:

Traceback (most recent call last):
  File "/home/atstlbzy/virtualenv/public_html/sobha/3.9/lib/python3.9/site-packages/django/core/handlers/exception.py", line 55, in inner
    response = get_response(request)
  File "/home/atstlbzy/virtualenv/public_html/sobha/3.9/lib/python3.9/site-packages/django/core/handlers/base.py", line 197, in _get_response
    response = wrapped_callback(request, *callback_args, **callback_kwargs)
  File "/home/atstlbzy/public_html/sobha/Brigadeapp/views.py", line 117, in download_file
    except requests.exceptions.RequestException:
NameError: name 'requests' is not defined
Not Found: /sobha/download/
Not Found: /sobha/download/
Not Found: /sobha/download/
Not Found: /sobha/download/
Not Found: /sobha/download/
Not Found: /sobha/download/
Not Found: /sobha/download/
Not Found: /sobha/download/
Not Found: /sobha/download/
Not Found: /sobha/download/
Not Found: /sobha/download/
Not Found: /sobha/download/
Not Found: /sobha/download/
Not Found: /sobha/download/
Not Found: /sobha/download/
Not Found: /sobha/download/
Not Found: /sobha/download_file
Not Found: /sobha/download/
/home/atstlbzy/public_html/sobha/sobha/Brigadeapp/Files/brigade_citadel.pdf
/home/atstlbzy/public_html/sobha/sobha/Brigadeapp/Files/brigade_citadel.pdf
/home/atstlbzy/public_html/sobha/sobha/Brigadeapp/Files/brigade_citadel.pdf
/home/atstlbzy/public_html/sobha/sobha/Brigadeapp/Files/brigade_citadel.pdf
/home/atstlbzy/public_html/sobha/sobha/Brigadeapp/Files/brigade_citadel.pdf
/home/atstlbzy/public_html/sobha/sobha/Brigadeapp/Files/brigade_citadel.pdf
/home/atstlbzy/public_html/sobha/sobha/Brigadeapp/Files/brigade_citadel.pdf
/home/atstlbzy/public_html/sobha/sobha/Brigadeapp/Files/brigade_citadel.pdf
/home/atstlbzy/public_html/sobha/sobha/Brigadeapp/Files/brigade_citadel.pdf
/home/atstlbzy/public_html/sobha/sobha/Brigadeapp/Files/brigade_citadel.pdf
/home/atstlbzy/public_html/sobha/sobha/Brigadeapp/Files/brigade_citadel.pdf
/home/atstlbzy/public_html/sobha/sobha/Brigadeapp/Files/brigade_citadel.pdf
/home/atstlbzy/public_html/sobha/sobha/Brigadeapp/Files/brigade_citadel.pdf
/home/atstlbzy/public_html/sobha/sobha/Brigadeapp/Files/brigade_citadel.pdf
/home/atstlbzy/public_html/sobha/sobha/Brigadeapp/Files/brigade_citadel.pdf
/home/atstlbzy/public_html/sobha/sobha/Brigadeapp/Files/brigade_citadel.pdf
/home/atstlbzy/public_html/sobha/sobha/Brigadeapp/Files/brigade_citadel.pdf
Not Found: /sobha/download/
/home/atstlbzy/public_html/sobha/sobha/Brigadeapp/Files/brigade_citadel.pdf
Not Found: /sobha/download/
Not Found: /sobha/download/
/home/atstlbzy/public_html/sobha/sobha/Brigadeapp/Files/brigade_citadel.pdf
/home/atstlbzy/public_html/sobha/sobha/Brigadeapp/Files/brigade_citadel.pdf
OSError: LSAPI: File error
/home/atstlbzy/public_html/sobha/Brigadeapp/Files/brigade_citadel.pdf
/home/atstlbzy/public_html/sobha/Brigadeapp/Files/brigade_citadel.pdf
/home/atstlbzy/public_html/sobha/Brigadeapp/Files/brigade_citadel.pdf
/home/atstlbzy/public_html/sobha/Brigadeapp/Files/brigade_citadel.pdf
OSError: LSAPI: File error
/home/atstlbzy/public_html/sobha/Brigadeapp/Files/brigade_citadel.pdf
/home/atstlbzy/public_html/sobha/Brigadeapp/Files/brigade_citadel.pdf
Internal Server Error: /sobha/
Traceback (most recent call last):
  File "/home/atstlbzy/virtualenv/public_html/sobha/3.9/lib/python3.9/site-packages/django/core/handlers/exception.py", line 55, in inner
    response = get_response(request)
  File "/home/atstlbzy/virtualenv/public_html/sobha/3.9/lib/python3.9/site-packages/django/core/handlers/base.py", line 197, in _get_response
    response = wrapped_callback(request, *callback_args, **callback_kwargs)
  File "/home/atstlbzy/public_html/sobha/Brigadeapp/views.py", line 101, in index
    "video": video,"overview":pc_overview,"lc_map":lc_map.location,
AttributeError: 'NoneType' object has no attribute 'location'
Internal Server Error: /sobha/
Traceback (most recent call last):
  File "/home/atstlbzy/virtualenv/public_html/sobha/3.9/lib/python3.9/site-packages/django/core/handlers/exception.py", line 55, in inner
    response = get_response(request)
  File "/home/atstlbzy/virtualenv/public_html/sobha/3.9/lib/python3.9/site-packages/django/core/handlers/base.py", line 197, in _get_response
    response = wrapped_callback(request, *callback_args, **callback_kwargs)
  File "/home/atstlbzy/public_html/sobha/Brigadeapp/views.py", line 101, in index
    "video": video,"overview":pc_overview,"lc_map":lc_map.location,
AttributeError: 'NoneType' object has no attribute 'location'
Internal Server Error: /sobha/
Traceback (most recent call last):
  File "/home/atstlbzy/virtualenv/public_html/sobha/3.9/lib/python3.9/site-packages/django/core/handlers/exception.py", line 55, in inner
    response = get_response(request)
  File "/home/atstlbzy/virtualenv/public_html/sobha/3.9/lib/python3.9/site-packages/django/core/handlers/base.py", line 197, in _get_response
    response = wrapped_callback(request, *callback_args, **callback_kwargs)
  File "/home/atstlbzy/public_html/sobha/Brigadeapp/views.py", line 101, in index
    "video": video,"overview":pc_overview,"lc_map":lc_map.location,
AttributeError: 'NoneType' object has no attribute 'location'
Internal Server Error: /sobha/
Traceback (most recent call last):
  File "/home/atstlbzy/virtualenv/public_html/sobha/3.9/lib/python3.9/site-packages/django/core/handlers/exception.py", line 55, in inner
    response = get_response(request)
  File "/home/atstlbzy/virtualenv/public_html/sobha/3.9/lib/python3.9/site-packages/django/core/handlers/base.py", line 197, in _get_response
    response = wrapped_callback(request, *callback_args, **callback_kwargs)
  File "/home/atstlbzy/public_html/sobha/Brigadeapp/views.py", line 101, in index
    "video": video,"overview":pc_overview,"lc_map":lc_map.location,
AttributeError: 'NoneType' object has no attribute 'location'
Internal Server Error: /sobha/
Traceback (most recent call last):
  File "/home/atstlbzy/virtualenv/public_html/sobha/3.9/lib/python3.9/site-packages/django/core/handlers/exception.py", line 55, in inner
    response = get_response(request)
  File "/home/atstlbzy/virtualenv/public_html/sobha/3.9/lib/python3.9/site-packages/django/core/handlers/base.py", line 197, in _get_response
    response = wrapped_callback(request, *callback_args, **callback_kwargs)
  File "/home/atstlbzy/public_html/sobha/Brigadeapp/views.py", line 101, in index
    "video": video,"overview":pc_overview,"lc_map":lc_map.location,
AttributeError: 'NoneType' object has no attribute 'location'
Internal Server Error: /sobha/
Traceback (most recent call last):
  File "/home/atstlbzy/virtualenv/public_html/sobha/3.9/lib/python3.9/site-packages/django/core/handlers/exception.py", line 55, in inner
    response = get_response(request)
  File "/home/atstlbzy/virtualenv/public_html/sobha/3.9/lib/python3.9/site-packages/django/core/handlers/base.py", line 197, in _get_response
    response = wrapped_callback(request, *callback_args, **callback_kwargs)
  File "/home/atstlbzy/public_html/sobha/Brigadeapp/views.py", line 101, in index
    "video": video,"overview":pc_overview,"lc_map":lc_map.location,
AttributeError: 'NoneType' object has no attribute 'location'
Internal Server Error: /sobha/
Traceback (most recent call last):
  File "/home/atstlbzy/virtualenv/public_html/sobha/3.9/lib/python3.9/site-packages/django/core/handlers/exception.py", line 55, in inner
    response = get_response(request)
  File "/home/atstlbzy/virtualenv/public_html/sobha/3.9/lib/python3.9/site-packages/django/core/handlers/base.py", line 197, in _get_response
    response = wrapped_callback(request, *callback_args, **callback_kwargs)
  File "/home/atstlbzy/public_html/sobha/Brigadeapp/views.py", line 101, in index
    "video": video,"overview":pc_overview,"lc_map":lc_map.location,
AttributeError: 'NoneType' object has no attribute 'location'
/home/atstlbzy/public_html/sobha/Brigadeapp/Files/brigade_citadel.pdf
/home/atstlbzy/public_html/sobha/Brigadeapp/Files/brigade_citadel.pdf
OSError: LSAPI: File error
/home/atstlbzy/public_html/sobha/Brigadeapp/Files/brigade_citadel.pdf
Internal Server Error: /sobha/
Traceback (most recent call last):
  File "/home/atstlbzy/virtualenv/public_html/sobha/3.9/lib/python3.9/site-packages/django/core/handlers/exception.py", line 55, in inner
    response = get_response(request)
  File "/home/atstlbzy/virtualenv/public_html/sobha/3.9/lib/python3.9/site-packages/django/core/handlers/base.py", line 197, in _get_response
    response = wrapped_callback(request, *callback_args, **callback_kwargs)
  File "/home/atstlbzy/public_html/sobha/Brigadeapp/views.py", line 101, in index
    "video": video,"overview":pc_overview,"lc_map":lc_map.location,
AttributeError: 'NoneType' object has no attribute 'location'
Internal Server Error: /sobha/
Traceback (most recent call last):
  File "/home/atstlbzy/virtualenv/public_html/sobha/3.9/lib/python3.9/site-packages/django/core/handlers/exception.py", line 55, in inner
    response = get_response(request)
  File "/home/atstlbzy/virtualenv/public_html/sobha/3.9/lib/python3.9/site-packages/django/core/handlers/base.py", line 197, in _get_response
    response = wrapped_callback(request, *callback_args, **callback_kwargs)
  File "/home/atstlbzy/public_html/sobha/Brigadeapp/views.py", line 101, in index
    "video": video,"overview":pc_overview,"lc_map":lc_map.location,
AttributeError: 'NoneType' object has no attribute 'location'
Internal Server Error: /sobha/
Traceback (most recent call last):
  File "/home/atstlbzy/virtualenv/public_html/sobha/3.9/lib/python3.9/site-packages/django/core/handlers/exception.py", line 55, in inner
    response = get_response(request)
  File "/home/atstlbzy/virtualenv/public_html/sobha/3.9/lib/python3.9/site-packages/django/core/handlers/base.py", line 197, in _get_response
    response = wrapped_callback(request, *callback_args, **callback_kwargs)
  File "/home/atstlbzy/public_html/sobha/Brigadeapp/views.py", line 101, in index
    "video": video,"overview":pc_overview,"lc_map":lc_map.location,
AttributeError: 'NoneType' object has no attribute 'location'
Forbidden (CSRF cookie not set.): /sobha/admin/login/
Forbidden (CSRF cookie not set.): /sobha/admin/login/
Forbidden (CSRF cookie not set.): /sobha/admin/login/
Internal Server Error: /sobha/
Traceback (most recent call last):
  File "/home/atstlbzy/virtualenv/public_html/sobha/3.9/lib/python3.9/site-packages/django/core/handlers/exception.py", line 55, in inner
    response = get_response(request)
  File "/home/atstlbzy/virtualenv/public_html/sobha/3.9/lib/python3.9/site-packages/django/core/handlers/base.py", line 197, in _get_response
    response = wrapped_callback(request, *callback_args, **callback_kwargs)
  File "/home/atstlbzy/public_html/sobha/Brigadeapp/views.py", line 101, in index
    "video": video,"overview":pc_overview,"lc_map":lc_map.location,
AttributeError: 'NoneType' object has no attribute 'location'
Forbidden (CSRF cookie not set.): /sobha/admin/login/
Forbidden (CSRF cookie not set.): /sobha/admin/login/
Internal Server Error: /sobha/
Traceback (most recent call last):
  File "/home/atstlbzy/virtualenv/public_html/sobha/3.9/lib/python3.9/site-packages/django/core/handlers/exception.py", line 55, in inner
    response = get_response(request)
  File "/home/atstlbzy/virtualenv/public_html/sobha/3.9/lib/python3.9/site-packages/django/core/handlers/base.py", line 197, in _get_response
    response = wrapped_callback(request, *callback_args, **callback_kwargs)
  File "/home/atstlbzy/public_html/sobha/Brigadeapp/views.py", line 101, in index
    "video": video,"overview":pc_overview,"lc_map":lc_map.location,
AttributeError: 'NoneType' object has no attribute 'location'
Internal Server Error: /sobha/
Traceback (most recent call last):
  File "/home/atstlbzy/virtualenv/public_html/sobha/3.9/lib/python3.9/site-packages/django/core/handlers/exception.py", line 55, in inner
    response = get_response(request)
  File "/home/atstlbzy/virtualenv/public_html/sobha/3.9/lib/python3.9/site-packages/django/core/handlers/base.py", line 197, in _get_response
    response = wrapped_callback(request, *callback_args, **callback_kwargs)
  File "/home/atstlbzy/public_html/sobha/Brigadeapp/views.py", line 101, in index
    "video": video,"overview":pc_overview,"lc_map":lc_map.location,
AttributeError: 'NoneType' object has no attribute 'location'
Internal Server Error: /sobha/
Traceback (most recent call last):
  File "/home/atstlbzy/virtualenv/public_html/sobha/3.9/lib/python3.9/site-packages/django/core/handlers/exception.py", line 55, in inner
    response = get_response(request)
  File "/home/atstlbzy/virtualenv/public_html/sobha/3.9/lib/python3.9/site-packages/django/core/handlers/base.py", line 197, in _get_response
    response = wrapped_callback(request, *callback_args, **callback_kwargs)
  File "/home/atstlbzy/public_html/sobha/Brigadeapp/views.py", line 101, in index
    "video": video,"overview":pc_overview,"lc_map":lc_map.location,
AttributeError: 'NoneType' object has no attribute 'location'
Internal Server Error: /sobha/
Traceback (most recent call last):
  File "/home/atstlbzy/virtualenv/public_html/sobha/3.9/lib/python3.9/site-packages/django/core/handlers/exception.py", line 55, in inner
    response = get_response(request)
  File "/home/atstlbzy/virtualenv/public_html/sobha/3.9/lib/python3.9/site-packages/django/core/handlers/base.py", line 197, in _get_response
    response = wrapped_callback(request, *callback_args, **callback_kwargs)
  File "/home/atstlbzy/public_html/sobha/Brigadeapp/views.py", line 101, in index
    "video": video,"overview":pc_overview,"lc_map":lc_map.location,
AttributeError: 'NoneType' object has no attribute 'location'
Internal Server Error: /sobha/
Traceback (most recent call last):
  File "/home/atstlbzy/virtualenv/public_html/sobha/3.9/lib/python3.9/site-packages/django/core/handlers/exception.py", line 55, in inner
    response = get_response(request)
  File "/home/atstlbzy/virtualenv/public_html/sobha/3.9/lib/python3.9/site-packages/django/core/handlers/base.py", line 197, in _get_response
    response = wrapped_callback(request, *callback_args, **callback_kwargs)
  File "/home/atstlbzy/public_html/sobha/Brigadeapp/views.py", line 101, in index
    "video": video,"overview":pc_overview,"lc_map":lc_map.location,
AttributeError: 'NoneType' object has no attribute 'location'
Internal Server Error: /sobha/
Traceback (most recent call last):
  File "/home/atstlbzy/virtualenv/public_html/sobha/3.9/lib/python3.9/site-packages/django/core/handlers/exception.py", line 55, in inner
    response = get_response(request)
  File "/home/atstlbzy/virtualenv/public_html/sobha/3.9/lib/python3.9/site-packages/django/core/handlers/base.py", line 197, in _get_response
    response = wrapped_callback(request, *callback_args, **callback_kwargs)
  File "/home/atstlbzy/public_html/sobha/Brigadeapp/views.py", line 101, in index
    "video": video,"overview":pc_overview,"lc_map":lc_map.location,
AttributeError: 'NoneType' object has no attribute 'location'
Internal Server Error: /sobha/
Traceback (most recent call last):
  File "/home/atstlbzy/virtualenv/public_html/sobha/3.9/lib/python3.9/site-packages/django/core/handlers/exception.py", line 55, in inner
    response = get_response(request)
  File "/home/atstlbzy/virtualenv/public_html/sobha/3.9/lib/python3.9/site-packages/django/core/handlers/base.py", line 197, in _get_response
    response = wrapped_callback(request, *callback_args, **callback_kwargs)
  File "/home/atstlbzy/public_html/sobha/Brigadeapp/views.py", line 101, in index
    "video": video,"overview":pc_overview,"lc_map":lc_map.location,
AttributeError: 'NoneType' object has no attribute 'location'
Internal Server Error: /sobha/
Traceback (most recent call last):
  File "/home/atstlbzy/virtualenv/public_html/sobha/3.9/lib/python3.9/site-packages/django/core/handlers/exception.py", line 55, in inner
    response = get_response(request)
  File "/home/atstlbzy/virtualenv/public_html/sobha/3.9/lib/python3.9/site-packages/django/core/handlers/base.py", line 197, in _get_response
    response = wrapped_callback(request, *callback_args, **callback_kwargs)
  File "/home/atstlbzy/public_html/sobha/Brigadeapp/views.py", line 101, in index
    "video": video,"overview":pc_overview,"lc_map":lc_map.location,
AttributeError: 'NoneType' object has no attribute 'location'
Internal Server Error: /sobha/
Traceback (most recent call last):
  File "/home/atstlbzy/virtualenv/public_html/sobha/3.9/lib/python3.9/site-packages/django/core/handlers/exception.py", line 55, in inner
    response = get_response(request)
  File "/home/atstlbzy/virtualenv/public_html/sobha/3.9/lib/python3.9/site-packages/django/core/handlers/base.py", line 197, in _get_response
    response = wrapped_callback(request, *callback_args, **callback_kwargs)
  File "/home/atstlbzy/public_html/sobha/Brigadeapp/views.py", line 101, in index
    "video": video,"overview":pc_overview,"lc_map":lc_map.location,
AttributeError: 'NoneType' object has no attribute 'location'
Not Found: /sobh/images//icons/callwhite.svg
Not Found: /sobha/None
Not Found: /sobh/images//icons/emailwhite.svg
Not Found: /sobha/static/fonts/Arial-Regular/Arial.woff2
Not Found: /sobha/static/fonts/Arial-Regular/Arial.woff
Not Found: /sobha/static/fonts/Arial-Regular/Arial.ttf
Not Found: /sobh/images//icons/emailwhite.svg
Not Found: /sobha/None
Not Found: /sobh/images//icons/callwhite.svg
Not Found: /sobha/static/fonts/Arial-Regular/Arial.woff2
Not Found: /sobha/static/fonts/Arial-Regular/Arial.woff
Not Found: /sobha/static/fonts/Arial-Regular/Arial.ttf
/home/atstlbzy/public_html/sobha/Brigadeapp/Files/brigade_citadel.pdf
/home/atstlbzy/public_html/sobha/Brigadeapp/Files/brigade_citadel.pdf
Not Found: /sobh/images//icons/callwhite.svg
Not Found: /sobh/images//icons/emailwhite.svg
Not Found: /sobha/static/fonts/Arial-Regular/Arial.woff2
Not Found: /sobha/None
Not Found: /sobha/static/fonts/Arial-Regular/Arial.woff
Not Found: /sobha/static/fonts/Arial-Regular/Arial.ttf
Not Found: /sobh/images//icons/callwhite.svg
Not Found: /sobh/images//icons/emailwhite.svg
Not Found: /sobha/None
Not Found: /sobha/static/fonts/Arial-Regular/Arial.woff2
Not Found: /sobha/static/fonts/Arial-Regular/Arial.woff
Not Found: /sobha/static/fonts/Arial-Regular/Arial.ttf
Not Found: /sobh/images//icons/callwhite.svg
Not Found: /sobha/None
Not Found: /sobh/images//icons/emailwhite.svg
Not Found: /sobha/static/fonts/Arial-Regular/Arial.woff2
Not Found: /sobha/static/fonts/Arial-Regular/Arial.woff
Not Found: /sobha/static/fonts/Arial-Regular/Arial.ttf
Not Found: /sobha/images/fav-icon.png
Not Found: /sobha/static/fonts/Roboto-Light/Roboto-Light.woff
Not Found: /sobha/static/fonts/Roboto-Light/Roboto-Light.ttf
Not Found: /sobh/images//icons/callwhite.svg
Not Found: /sobh/images//icons/emailwhite.svg
Not Found: /sobha/None
Not Found: /sobha/static/fonts/Arial-Regular/Arial.woff2
Not Found: /sobha/static/fonts/Arial-Regular/Arial.woff
Not Found: /sobha/static/fonts/Arial-Regular/Arial.ttf
Not Found: /sobha/images/fav-icon.png
Not Found: /sobh/images//icons/callwhite.svg
Not Found: /sobha/None
Not Found: /sobh/images//icons/emailwhite.svg
Not Found: /sobha/static/fonts/Arial-Regular/Arial.woff2
Not Found: /sobha/static/fonts/Arial-Regular/Arial.woff
Not Found: /sobha/static/fonts/Arial-Regular/Arial.ttf
Not Found: /sobh/images//icons/callwhite.svg
Not Found: /sobh/images//icons/emailwhite.svg
Not Found: /sobha/None
Not Found: /sobha/static/fonts/Arial-Regular/Arial.woff2
Not Found: /sobha/static/fonts/Arial-Regular/Arial.woff
Not Found: /sobha/static/fonts/Arial-Regular/Arial.ttf
Not Found: /sobh/images//icons/emailwhite.svg
Not Found: /sobh/images//icons/callwhite.svg
Not Found: /sobha/None
Not Found: /sobha/static/fonts/Arial-Regular/Arial.woff2
Not Found: /sobha/static/fonts/Arial-Regular/Arial.woff
Not Found: /sobha/static/fonts/Arial-Regular/Arial.ttf
Not Found: /sobha/images/fav-icon.png
Not Found: /sobh/images//icons/callwhite.svg
Not Found: /sobha/None
Not Found: /sobh/images//icons/emailwhite.svg
Not Found: /sobha/static/fonts/Arial-Regular/Arial.woff2
Not Found: /sobha/static/fonts/Arial-Regular/Arial.woff
Not Found: /sobha/static/fonts/Arial-Regular/Arial.ttf
Not Found: /sobh/images//icons/callwhite.svg
Not Found: /sobha/None
Not Found: /sobh/images//icons/emailwhite.svg
Not Found: /sobha/static/fonts/Arial-Regular/Arial.woff2
Not Found: /sobha/static/fonts/Arial-Regular/Arial.woff
Not Found: /sobha/static/fonts/Arial-Regular/Arial.ttf
Not Found: /sobha/static/fonts/Roboto-Light/Roboto-Light.woff
Not Found: /sobha/static/fonts/Roboto-Light/Roboto-Light.ttf
Not Found: /sobh/images//icons/callwhite.svg
Not Found: /sobh/images//icons/emailwhite.svg
Not Found: /sobha/static/fonts/Arial-Regular/Arial.woff2
Not Found: /sobha/static/fonts/Arial-Regular/Arial.woff
Not Found: /sobha/static/fonts/Arial-Regular/Arial.ttf
Not Found: /sobh/images//icons/callwhite.svg
Not Found: /sobh/images//icons/emailwhite.svg
Not Found: /sobha/static/fonts/Arial-Regular/Arial.woff2
Not Found: /sobha/static/fonts/Arial-Regular/Arial.woff
Not Found: /sobha/static/fonts/Arial-Regular/Arial.ttf
Not Found: /sobh/images//icons/callwhite.svg
Not Found: /sobh/images//icons/emailwhite.svg
Not Found: /sobha/static/fonts/Arial-Regular/Arial.woff2
Not Found: /sobha/static/fonts/Arial-Regular/Arial.woff
Not Found: /sobha/static/fonts/Arial-Regular/Arial.ttf
Not Found: /sobha/static/fonts/Roboto-Light/Roboto-Light.woff
Not Found: /sobha/static/fonts/Roboto-Light/Roboto-Light.ttf
Not Found: /sobh/images//icons/callwhite.svg
Not Found: /sobh/images//icons/emailwhite.svg
Not Found: /sobha/static/fonts/Arial-Regular/Arial.woff2
Not Found: /sobha/static/fonts/Arial-Regular/Arial.woff
Not Found: /sobha/static/fonts/Arial-Regular/Arial.ttf
Not Found: /sobh/images//icons/callwhite.svg
Not Found: /sobh/images//icons/emailwhite.svg
Not Found: /sobha/static/fonts/Arial-Regular/Arial.woff2
Not Found: /sobha/static/fonts/Arial-Regular/Arial.woff
Not Found: /sobha/static/fonts/Arial-Regular/Arial.ttf
Not Found: /sobha/static/fonts/Arial-Regular/Arial.woff2
Not Found: /sobha/static/fonts/Arial-Regular/Arial.woff
Not Found: /sobh/images//icons/callwhite.svg
Not Found: /sobha/static/fonts/Arial-Regular/Arial.ttf
Not Found: /sobh/images//icons/emailwhite.svg
Not Found: /sobha/static/fonts/Roboto-Light/Roboto-Light.woff
Not Found: /sobha/static/fonts/Roboto-Light/Roboto-Light.ttf
Not Found: /sobh/images//icons/callwhite.svg
Not Found: /sobh/images//icons/emailwhite.svg
Not Found: /sobha/static/fonts/Arial-Regular/Arial.woff2
Not Found: /sobha/static/fonts/Arial-Regular/Arial.woff
Not Found: /sobha/static/fonts/Arial-Regular/Arial.ttf
Not Found: /sobh/images//icons/callwhite.svg
Not Found: /sobh/images//icons/emailwhite.svg
Not Found: /sobha/static/fonts/Arial-Regular/Arial.woff2
Not Found: /sobha/static/images/zoom-in.png
Not Found: /sobha/static/fonts/Arial-Regular/Arial.woff
Not Found: /sobha/static/fonts/Arial-Regular/Arial.ttf
Not Found: /sobha/static/js/bootstrap.bundle.min.js.map
Not Found: /sobha/static/css/bootstrap.min.css.map
Not Found: /sobh/images//icons/callwhite.svg
Not Found: /sobh/images//icons/emailwhite.svg
Not Found: /sobha/static/fonts/Arial-Regular/Arial.woff2
Not Found: /sobha/static/fonts/Arial-Regular/Arial.woff
Not Found: /sobha/static/fonts/Arial-Regular/Arial.ttf
Not Found: /sobha/static/images/zoom-in.png
Not Found: /sobh/images//icons/callwhite.svg
Not Found: /sobh/images//icons/emailwhite.svg
Not Found: /sobha/static/fonts/Arial-Regular/Arial.woff2
Not Found: /sobha/static/images/zoom-in.png
Not Found: /sobha/static/fonts/Arial-Regular/Arial.woff
Not Found: /sobha/static/fonts/Arial-Regular/Arial.ttf
Not Found: /sobh/images//icons/callwhite.svg
Not Found: /sobh/images//icons/emailwhite.svg
Not Found: /sobha/static/fonts/Arial-Regular/Arial.woff2
Not Found: /sobha/static/images/zoom-in.png
Not Found: /sobha/static/fonts/Arial-Regular/Arial.woff
Not Found: /sobha/static/fonts/Arial-Regular/Arial.ttf
Not Found: /sobh/images//icons/callwhite.svg
Not Found: /sobh/images//icons/emailwhite.svg
Not Found: /sobha/static/fonts/Arial-Regular/Arial.woff2
Not Found: /sobha/static/images/zoom-in.png
Not Found: /sobha/static/fonts/Arial-Regular/Arial.woff
Not Found: /sobh/images//icons/callwhite.svg
Not Found: /sobh/images//icons/emailwhite.svg
Not Found: /sobha/static/fonts/Arial-Regular/Arial.woff2
Not Found: /sobha/static/fonts/Arial-Regular/Arial.ttf
Not Found: /sobha/static/images/zoom-in.png
Not Found: /sobha/static/fonts/Arial-Regular/Arial.woff
Not Found: /sobha/static/fonts/Arial-Regular/Arial.ttf
Not Found: /sobh/images//icons/callwhite.svg
Not Found: /sobh/images//icons/emailwhite.svg
Not Found: /sobha/static/fonts/Arial-Regular/Arial.woff2
Not Found: /sobha/static/images/zoom-in.png
Not Found: /sobha/static/fonts/Arial-Regular/Arial.woff
Not Found: /sobha/static/fonts/Arial-Regular/Arial.ttf
OSError: LSAPI: File error
/home/atstlbzy/public_html/sobha/Brigadeapp/Files/brigade_citadel.pdf
Not Found: /sobh/images//icons/callwhite.svg
Not Found: /sobh/images//icons/emailwhite.svg
Not Found: /sobha/static/fonts/Arial-Regular/Arial.woff2
Not Found: /sobha/static/images/zoom-in.png
Not Found: /sobha/static/fonts/Arial-Regular/Arial.woff
Not Found: /sobha/static/fonts/Arial-Regular/Arial.ttf
Not Found: /sobh/images//icons/emailwhite.svg
Not Found: /sobh/images//icons/callwhite.svg
Not Found: /sobha/static/fonts/Arial-Regular/Arial.woff2
Not Found: /sobha/static/images/zoom-in.png
Not Found: /sobha/static/fonts/Arial-Regular/Arial.woff
Not Found: /sobha/static/fonts/Arial-Regular/Arial.ttf
Not Found: /sobh/images//icons/callwhite.svg
Not Found: /sobh/images//icons/emailwhite.svg
Not Found: /sobha/static/fonts/Arial-Regular/Arial.woff2
Not Found: /sobha/static/images/zoom-in.png
Not Found: /sobha/static/fonts/Arial-Regular/Arial.woff
Not Found: /sobha/static/fonts/Arial-Regular/Arial.ttf
Not Found: /sobha/static/fonts/Roboto-Light/Roboto-Light.woff
Not Found: /sobha/static/fonts/Roboto-Light/Roboto-Light.ttf
Not Found: /sobha/static/css/fancybox_overlay.png
Not Found: /sobha/static/css/fancybox_sprite.png
Not Found: /sobha/static/css/blank.gif
Not Found: /sobh/images//icons/callwhite.svg
Not Found: /sobh/images//icons/emailwhite.svg
Not Found: /sobha/static/fonts/Arial-Regular/Arial.woff2
Not Found: /sobha/static/images/zoom-in.png
Not Found: /sobha/static/fonts/Arial-Regular/Arial.woff
Not Found: /sobha/static/fonts/Arial-Regular/Arial.ttf
Not Found: /sobha/static/js/bootstrap.bundle.min.js.map
Not Found: /sobha/static/css/bootstrap.min.css.map
Not Found: /sobh/images//icons/callwhite.svg
Not Found: /sobh/images//icons/emailwhite.svg
Not Found: /sobha/static/css/bootstrap.min.css.map
Not Found: /sobha/static/fonts/Arial-Regular/Arial.woff2
Not Found: /sobha/static/js/bootstrap.bundle.min.js.map
Not Found: /sobha/static/fonts/Arial-Regular/Arial.woff
Not Found: /sobha/static/images/zoom-in.png
Not Found: /sobha/static/fonts/Arial-Regular/Arial.ttf
Not Found: /sobh/images//icons/callwhite.svg
Not Found: /sobh/images//icons/emailwhite.svg
Not Found: /sobha/static/fonts/Arial-Regular/Arial.woff2
Not Found: /sobha/static/images/zoom-in.png
Not Found: /sobha/static/fonts/Arial-Regular/Arial.woff
Not Found: /sobha/static/fonts/Arial-Regular/Arial.ttf
Not Found: /sobh/images//icons/callwhite.svg
Not Found: /sobh/images//icons/emailwhite.svg
Not Found: /sobha/static/css/bootstrap.min.css.map
Not Found: /sobha/static/fonts/Arial-Regular/Arial.woff2
Not Found: /sobha/static/js/bootstrap.bundle.min.js.map
Not Found: /sobha/static/fonts/Arial-Regular/Arial.woff
Not Found: /sobha/static/images/zoom-in.png
Not Found: /sobha/static/fonts/Arial-Regular/Arial.ttf
Not Found: /sobha/images/fav-icon.png
Not Found: /sobh/images//icons/callwhite.svg
Not Found: /sobh/images//icons/emailwhite.svg
Not Found: /sobha/static/fonts/Arial-Regular/Arial.woff2
Not Found: /sobha/static/images/zoom-in.png
Not Found: /sobha/static/fonts/Arial-Regular/Arial.woff
Not Found: /sobha/static/fonts/Arial-Regular/Arial.ttf
Not Found: /sobha/static/fonts/Roboto-Light/Roboto-Light.woff
Not Found: /sobha/static/fonts/Roboto-Light/Roboto-Light.ttf
Not Found: /sobh/images//icons/callwhite.svg
Not Found: /sobh/images//icons/emailwhite.svg
Not Found: /sobha/static/images/zoom-in.png
Not Found: /sobha/images/fav-icon.png
Not Found: /sobha/static/js/bootstrap.bundle.min.js.map
Not Found: /sobha/static/css/bootstrap.min.css.map
Not Found: /sobh/images//icons/callwhite.svg
Not Found: /sobh/images//icons/emailwhite.svg
Not Found: /sobha/static/images/zoom-in.png
Not Found: /sobha/images/fav-icon.png
Not Found: /sobh/images//icons/callwhite.svg
Not Found: /sobh/images//icons/emailwhite.svg
Not Found: /sobha/static/images/zoom-in.png
Not Found: /sobh/images//icons/callwhite.svg
Not Found: /sobh/images//icons/emailwhite.svg
Not Found: /sobha/static/images/zoom-in.png
Not Found: /sobha/images/fav-icon.png
Not Found: /sobha/static/fonts/Arial-Regular/Arial.woff2
Not Found: /sobha/static/fonts/Arial-Regular/Arial.woff
Not Found: /sobha/static/fonts/Arial-Regular/Arial.ttf
Not Found: /sobh/images//icons/callwhite.svg
Not Found: /sobh/images//icons/emailwhite.svg
Not Found: /sobha/static/images/zoom-in.png
Not Found: /sobh/images//icons/callwhite.svg
Not Found: /sobh/images//icons/emailwhite.svg
Not Found: /sobha/static/images/zoom-in.png
Not Found: /sobh/images//icons/callwhite.svg
Not Found: /sobh/images//icons/emailwhite.svg
Not Found: /sobha/static/images/zoom-in.png
Not Found: /sobh/images//icons/callwhite.svg
Not Found: /sobh/images//icons/emailwhite.svg
Not Found: /sobh/images//icons/emailwhite.svg
Not Found: /sobh/images//icons/callwhite.svg
Not Found: /sobh/images//icons/callwhite.svg
Not Found: /sobh/images//icons/emailwhite.svg
Not Found: /sobha/static/images/zoom-in.png
Not Found: /sobha/images/fav-icon.png
Not Found: /sobha/static/fonts/Arial-Regular/Arial.woff2
Not Found: /sobha/static/fonts/Arial-Regular/Arial.woff
Not Found: /sobha/static/fonts/Arial-Regular/Arial.ttf
Not Found: /sobh/images//icons/callwhite.svg
Not Found: /sobh/images//icons/emailwhite.svg
Not Found: /sobha/static/images/zoom-in.png
Not Found: /sobha/images/fav-icon.png
Not Found: /sobh/images//icons/callwhite.svg
Not Found: /sobh/images//icons/emailwhite.svg
Not Found: /sobha/static/images/zoom-in.png
Not Found: /sobha/images/fav-icon.png
Not Found: /sobh/images//icons/emailwhite.svg
Not Found: /sobh/images//icons/callwhite.svg
Not Found: /sobha/static/images/zoom-in.png
Not Found: /sobha/images/fav-icon.png
Not Found: /sobh/images//icons/callwhite.svg
Not Found: /sobh/images//icons/emailwhite.svg
Not Found: /sobh/images//icons/callwhite.svg
Not Found: /sobh/images//icons/emailwhite.svg
Not Found: /sobha/static/images/zoom-in.png
Not Found: /sobha/images/fav-icon.png
Not Found: /sobha/static/fonts/Arial-Regular/Arial.woff2
Not Found: /sobha/static/fonts/Arial-Regular/Arial.woff
Not Found: /sobha/static/fonts/Arial-Regular/Arial.ttf
Not Found: /sobh/images//icons/callwhite.svg
Not Found: /sobh/images//icons/emailwhite.svg
Not Found: /sobha/static/images/zoom-in.png
Not Found: /sobha/images/fav-icon.png
Not Found: /sobh/images//icons/callwhite.svg
Not Found: /sobh/images//icons/emailwhite.svg
Not Found: /sobha/static/fonts/Arial-Regular/Arial.woff2
Not Found: /sobha/static/images/zoom-in.png
Not Found: /sobha/static/fonts/Arial-Regular/Arial.woff
Not Found: /sobha/static/fonts/Arial-Regular/Arial.ttf
Not Found: /sobha/images/fav-icon.png
Not Found: /sobha/static/js/bootstrap.bundle.min.js.map
Not Found: /sobha/static/css/bootstrap.min.css.map
Not Found: /sobh/images//icons/callwhite.svg
Not Found: /sobh/images//icons/emailwhite.svg
Not Found: /sobha/static/images/zoom-in.png
Not Found: /sobha/images/fav-icon.png
Not Found: /sobha/static/fonts/Arial-Regular/Arial.woff2
Not Found: /sobha/static/fonts/Arial-Regular/Arial.woff
Not Found: /sobha/static/fonts/Arial-Regular/Arial.ttf
Not Found: /sobh/images//icons/emailwhite.svg
Not Found: /sobh/images//icons/callwhite.svg
Not Found: /sobha/static/fonts/Arial-Regular/Arial.woff2
Not Found: /sobha/static/images/zoom-in.png
Not Found: /sobha/static/fonts/Arial-Regular/Arial.woff
Not Found: /sobha/static/fonts/Arial-Regular/Arial.ttf
Not Found: /sobh/static/images//icons/call_white.svg
Not Found: /sobh/static/images//icons/mail.svg
Not Found: /sobha/static/images/zoom-in.png
Not Found: /sobh/static/images//icons/call_white.svg
Not Found: /sobh/static/images//icons/mail.svg
Not Found: /sobha/images/fav-icon.png
Not Found: /sobh/static/images//icons/call_white.svg
Not Found: /sobh/static/images//icons/mail.svg
Not Found: /sobha/static/images/zoom-in.png
Not Found: /sobh/static/images//icons/call_white.svg
Not Found: /sobh/static/images//icons/mail.svg
Not Found: /sobha/static/fonts/Arial-Regular/Arial.woff2
Not Found: /sobh/static/images//icons/call_white.svg
Not Found: /sobh/static/images//icons/mail.svg
Not Found: /sobha/static/images/zoom-in.png
Not Found: /sobha/images/fav-icon.png
Not Found: /sobha/static/fonts/Arial-Regular/Arial.woff
Not Found: /sobha/static/fonts/Arial-Regular/Arial.ttf
Not Found: /sobha/images/images/brigadeworld.jpg
Not Found: /sobha/static/images/zoom-in.png
Not Found: /sobh/static/images//icons/call_white.svg
Not Found: /sobh/static/images//icons/mail.svg
Not Found: /sobha/static/images/zoom-in.png
Not Found: /sobha/images/fav-icon.png
Not Found: /sobha/images/fav-icon.png
Not Found: /sobha/static/js/bootstrap.bundle.min.js.map
Not Found: /sobha/static/css/bootstrap.min.css.map
Not Found: /sobh/static/images//icons/mail.svg
Not Found: /sobh/static/images//icons/mail.svg
Not Found: /sobha/static/css/bootstrap.min.css.map
Not Found: /sobha/static/js/bootstrap.bundle.min.js.map
Not Found: /sobha/static/images/zoom-in.png
Not Found: /sobha/static/css/bootstrap.min.css.map
Not Found: /sobha/static/images/zoom-in.png
Not Found: /sobha/static/js/bootstrap.bundle.min.js.map
Not Found: /sobha/static/images/zoom-in.png
Not Found: /sobha/static/images/zoom-in.png
Not Found: /sobha/static/fonts/Arial-Regular/Arial.woff2
Not Found: /sobha/static/fonts/Arial-Regular/Arial.woff
Not Found: /sobha/static/fonts/Arial-Regular/Arial.ttf
Not Found: /sobha/static/fonts/Arial-Regular/Arial.woff2
Not Found: /sobha/static/images/zoom-in.png
Not Found: /sobha/static/fonts/Arial-Regular/Arial.woff
Not Found: /sobha/static/images/zoom-in.png
Not Found: /sobha/images/images/brigadeworld.jpg
Not Found: /sobha/images/fav-icon.png
Not Found: /sobha/static/images/zoom-in.png
Not Found: /sobha/static/images/zoom-in.png
Not Found: /sobha/static/css/fancybox_overlay.png
Not Found: /sobha/static/css/fancybox_sprite@2x.png
Not Found: /sobha/static/css/blank.gif
Not Found: /sobha/static/fonts/Arial-Regular/Arial.woff2
Not Found: /sobha/static/fonts/Arial-Regular/Arial.woff
Not Found: /sobha/static/fonts/Arial-Regular/Arial.ttf
Not Found: /sobha/static/fonts/Arial-Regular/Arial.svg
Not Found: /sobha/Brigadeapp/media/SOBHA_Waterfront_Entrance_-_Waterfall_Entry.jpg
Not Found: /sobha/Brigadeapp/media/amenities_images/yoga_g0kAOHo.png
Not Found: /sobh/images//icons/emailwhite.svg
Not Found: /sobha/Brigadeapp/media/amenities_images/gym_rJYPZKw.png
Not Found: /sobha/Brigadeapp/media/amenities_images/inside_uny9pYH.png
Not Found: /sobha/Brigadeapp/media/locality_images/party-balloons_5kMi2bC.png
Not Found: /sobha/Brigadeapp/media/amenities_images/gym_O1eD1Bq.png
Not Found: /sobha/Brigadeapp/media/locality_images/subway_SwGVZBO.png
Not Found: /sobha/Brigadeapp/media/overview_images/SOBHA_Waterfront_Rooftop_Lakeview_Deck.jpg
Not Found: /sobha/Brigadeapp/media/amenities_images/store_0NDtpzw.png
Not Found: /sobha/Brigadeapp/media/locality_images/city-railway_CjPw8k9.png
Not Found: /sobh/images//icons/callwhite.svg
Not Found: /sobha/Brigadeapp/media/locality_images/inside.png
Not Found: /sobh/images//icons/emailwhite.svg
Not Found: /sobh/images//icons/callwhite.svg
Not Found: /sobha/Brigadeapp/media/locality_images/school_1.png
Not Found: /sobha/Brigadeapp/media/overview_images/SOBHA_Waterfront_Rooftop_Lakeview_Deck.jpg
Not Found: /sobha/Brigadeapp/media/SOBHA_Waterfront_Entrance_-_Waterfall_Entry.jpg
Not Found: /sobha/Brigadeapp/media/amenities_images/gym_rJYPZKw.png
Not Found: /sobha/Brigadeapp/media/amenities_images/gym_O1eD1Bq.png
Not Found: /sobha/Brigadeapp/media/amenities_images/badminton_EOx17tY.png
Not Found: /sobha/Brigadeapp/media/amenities_images/yoga_g0kAOHo.png
Not Found: /sobha/Brigadeapp/media/amenities_images/inside_uny9pYH.png
Not Found: /sobha/Brigadeapp/media/amenities_images/badminton_EOx17tY.png
Not Found: /sobha/Brigadeapp/media/locality_images/subway_SwGVZBO.png
Not Found: /sobha/Brigadeapp/media/locality_images/party-balloons_5kMi2bC.png
Not Found: /sobha/Brigadeapp/media/locality_images/inside.png
Not Found: /sobha/Brigadeapp/media/locality_images/school_1.png
Not Found: /sobha/Brigadeapp/media/locality_images/city-railway_CjPw8k9.png
Not Found: /sobha/Brigadeapp/media/amenities_images/store_0NDtpzw.png
Not Found: /sobh/images//icons/emailwhite.svg
Not Found: /sobha/static/images/zoom-in.png
Not Found: /sobha/static/images/zoom-in.png
Not Found: /sobha/static/fonts/Arial-Regular/Arial.woff2
Not Found: /sobha/static/fonts/Arial-Regular/Arial.woff2
Not Found: /sobh/images//icons/callwhite.svg
Not Found: /sobha/static/images/zoom-in.png
Not Found: /sobh/images//icons/emailwhite.svg
Not Found: /sobha/static/fonts/Arial-Regular/Arial.woff2
Not Found: /sobha/static/fonts/Roboto-Regular/Roboto-Regular-webfont.ttf
Not Found: /sobha/static/images/zoom-in.png
Not Found: /sobha/static/fonts/Arial-Regular/Arial.woff2
Not Found: /sobha/static/images/zoom-in.png
Not Found: /sobha/static/fonts/Arial-Regular/Arial.woff
Not Found: /sobha/static/fonts/Arial-Regular/Arial.ttf
Not Found: /sobha/images/fav-icon.png
Not Found: /sobha/static/images/zoom-in.png
Not Found: /sobha/static/fonts/Arial-Regular/Arial.woff2
Not Found: /sobha/static/fonts/Arial-Regular/Arial.woff
Not Found: /sobha/static/fonts/Arial-Regular/Arial.ttf
Not Found: /sobha/images/fav-icon.png
Not Found: /sobha/static/images/zoom-in.png
Not Found: /sobha/static/images/zoom-in.png
Not Found: /sobha/static/fonts/Arial-Regular/Arial.woff2
Not Found: /sobha/static/fonts/Arial-Regular/Arial.woff
Not Found: /sobha/static/fonts/Arial-Regular/Arial.ttf
Not Found: /sobha/static/fonts/Arial-Regular/Arial.woff2
Not Found: /sobha/static/fonts/Arial-Regular/Arial.woff
Not Found: /sobha/static/fonts/Arial-Regular/Arial.ttf
Not Found: /sobha/static/images/zoom-in.png
Not Found: /sobha/static/fonts/Arial-Regular/Arial.woff2
Not Found: /sobha/static/fonts/Arial-Regular/Arial.woff
Not Found: /sobha/static/fonts/Arial-Regular/Arial.ttf
Not Found: /sobha/static/images/zoom-in.png
Not Found: /sobha/static/fonts/Arial-Regular/Arial.woff2
Not Found: /sobha/static/fonts/Arial-Regular/Arial.woff
Not Found: /sobha/static/fonts/Arial-Regular/Arial.ttf
Not Found: /sobha/static/images/zoom-in.png
Not Found: /sobha/static/images/zoom-in.png
Not Found: /sobha/static/images/zoom-in.png
Not Found: /sobha/static/images/zoom-in.png
Not Found: /sobha/static/fonts/Arial-Regular/Arial.woff2
Not Found: /sobha/static/images/zoom-in.png
Not Found: /sobha/static/fonts/Arial-Regular/Arial.woff
Not Found: /sobha/static/fonts/Arial-Regular/Arial.ttf
Not Found: /sobha/images/fav-icon.png
Not Found: /sobha/static/images/zoom-in.png
Not Found: /sobha/images/fav-icon.png
Not Found: /sobha/static/images/zoom-in.png
Not Found: /sobha/images/fav-icon.png
Not Found: /sobha/images/fav-icon.png
Not Found: /sobha/static/fonts/Arial-Regular/Arial.woff2
Not Found: /sobha/static/images/zoom-in.png
Not Found: /sobha/static/fonts/Arial-Regular/Arial.woff
Not Found: /sobha/static/fonts/Arial-Regular/Arial.ttf
Not Found: /sobha/images/fav-icon.png
Not Found: /sobha/static/css/bootstrap.min.css.map
Not Found: /sobha/static/js/bootstrap.bundle.min.js.map
Not Found: /sobha/static/fonts/Arial-Regular/Arial.woff2
Not Found: /sobha/static/images/zoom-in.png
Not Found: /sobha/static/fonts/Arial-Regular/Arial.woff
Not Found: /sobha/static/fonts/Arial-Regular/Arial.ttf
Not Found: /sobha/images/fav-icon.png
Not Found: /sobha/static/css/bootstrap.min.css.map
Not Found: /sobha/static/js/bootstrap.bundle.min.js.map
Not Found: /sobha/static/js/bootstrap.bundle.min.js.map
Not Found: /sobha/static/css/bootstrap.min.css.map
Not Found: /sobha/images/fav-icon.png
Not Found: /sobha/images/images/brigadeworld.jpg
Not Found: /sobha/static/images/zoom-in.png
Not Found: /sobha/static/fonts/Arial-Regular/Arial.woff2
Not Found: /sobha/static/images/zoom-in.png
Not Found: /sobha/static/fonts/Arial-Regular/Arial.woff
Not Found: /sobha/static/fonts/Arial-Regular/Arial.ttf
Not Found: /sobha/static/js/bootstrap.bundle.min.js.map
Not Found: /sobha/static/css/bootstrap.min.css.map
Not Found: /sobha/static/css/bootstrap.min.css.map
Not Found: /sobha/static/js/bootstrap.bundle.min.js.map
Not Found: /sobha/static/images/zoom-in.png
Not Found: /sobha/static/fonts/Arial-Regular/Arial.woff2
Not Found: /sobha/static/fonts/Arial-Regular/Arial.woff
Not Found: /sobha/static/fonts/Arial-Regular/Arial.ttf
Not Found: /sobha/static/js/bootstrap.bundle.min.js.map
Not Found: /sobha/static/css/bootstrap.min.css.map
Not Found: /sobha/static/fonts/Arial-Regular/Arial.woff2
Not Found: /sobha/static/images/zoom-in.png
Not Found: /sobha/static/fonts/Arial-Regular/Arial.woff
Not Found: /sobha/static/fonts/Arial-Regular/Arial.ttf
Not Found: /sobha/images/fav-icon.png
Not Found: /sobha/static/js/bootstrap.bundle.min.js.map
Not Found: /sobha/static/css/bootstrap.min.css.map
Not Found: /sobha/static/fonts/Arial-Regular/Arial.woff2
Not Found: /sobha/static/images/zoom-in.png
Not Found: /sobha/static/fonts/Arial-Regular/Arial.woff
Not Found: /sobha/static/fonts/Arial-Regular/Arial.ttf
Not Found: /sobha/static/fonts/Arial-Regular/Arial.woff2
Not Found: /sobha/static/fonts/Arial-Regular/Arial.woff
Not Found: /sobha/static/fonts/Arial-Regular/Arial.ttf
Not Found: /sobha/static/images/zoom-in.png
Not Found: /sobha/static/fonts/Roboto-Light/Roboto-Light.woff
Not Found: /sobha/images/fav-icon.png
Not Found: /sobha/static/fonts/Roboto-Light/Roboto-Light.ttf
Not Found: /sobha/static/fonts/Arial-Regular/Arial.woff2
Not Found: /sobha/static/fonts/Arial-Regular/Arial.woff
Not Found: /sobha/static/fonts/Arial-Regular/Arial.ttf
Not Found: /sobha/static/images/zoom-in.png
Not Found: /sobha/static/images/zoom-in.png
Not Found: /sobha/static/fonts/Arial-Regular/Arial.woff2
Not Found: /sobha/static/fonts/Arial-Regular/Arial.woff
Not Found: /sobha/static/fonts/Arial-Regular/Arial.ttf
Not Found: /sobha/images/fav-icon.png
Not Found: /sobha/static/fonts/Arial-Regular/Arial.woff2
Not Found: /sobha/static/images/zoom-in.png
Not Found: /sobha/static/fonts/Arial-Regular/Arial.woff
Not Found: /sobha/static/fonts/Arial-Regular/Arial.ttf
Not Found: /sobha/images/fav-icon.png
Not Found: /sobha/static/js/bootstrap.bundle.min.js.map
Not Found: /sobha/static/css/bootstrap.min.css.map
Not Found: /sobha/static/fonts/Arial-Regular/Arial.woff2
Not Found: /sobha/static/fonts/Arial-Regular/Arial.woff
Not Found: /sobha/static/images/zoom-in.png
Not Found: /sobha/static/fonts/Arial-Regular/Arial.ttf
Not Found: /sobha/static/fonts/Arial-Regular/Arial.woff2
Not Found: /sobha/static/images/zoom-in.png
Not Found: /sobha/static/fonts/Arial-Regular/Arial.woff
Not Found: /sobha/static/js/bootstrap.bundle.min.js.map
Not Found: /sobha/static/css/bootstrap.min.css.map
Not Found: /sobha/static/fonts/Arial-Regular/Arial.ttf
Not Found: /sobha/static/fonts/Arial-Regular/Arial.woff2
Not Found: /sobha/static/fonts/Arial-Regular/Arial.woff
Not Found: /sobha/static/fonts/Arial-Regular/Arial.ttf
Not Found: /sobha/static/images/zoom-in.png
Not Found: /sobha/images/fav-icon.png
Not Found: /sobha/static/fonts/Arial-Regular/Arial.woff2
Not Found: /sobha/static/images/zoom-in.png
Not Found: /sobha/static/fonts/Arial-Regular/Arial.woff
Not Found: /sobha/static/fonts/Arial-Regular/Arial.ttf
Not Found: /sobha/static/fonts/Roboto-Light/Roboto-Light.woff
Not Found: /sobha/images/fav-icon.png
Not Found: /sobha/static/fonts/Roboto-Light/Roboto-Light.ttf
Not Found: /sobha/static/fonts/Arial-Regular/Arial.woff2
Not Found: /sobha/static/fonts/Arial-Regular/Arial.woff
Not Found: /sobha/static/fonts/Arial-Regular/Arial.ttf
Not Found: /sobha/static/images/zoom-in.png
Not Found: /sobha/images/fav-icon.png
Not Found: /sobha/static/fonts/Arial-Regular/Arial.woff2
Not Found: /sobha/static/images/zoom-in.png
Not Found: /sobha/static/fonts/Arial-Regular/Arial.woff
Not Found: /sobha/static/fonts/Arial-Regular/Arial.ttf
Not Found: /sobha/static/fonts/Arial-Regular/Arial.woff2
Not Found: /sobha/static/fonts/Arial-Regular/Arial.woff
Not Found: /sobha/static/fonts/Arial-Regular/Arial.ttf
Not Found: /sobha/static/fonts/Arial-Regular/Arial.woff2
Not Found: /sobha/static/fonts/Arial-Regular/Arial.woff
Not Found: /sobha/static/fonts/Arial-Regular/Arial.ttf
Not Found: /sobha/static/images/zoom-in.png
Not Found: /sobha/images/fav-icon.png
Not Found: /sobha/static/fonts/Arial-Regular/Arial.woff2
Not Found: /sobha/static/images/zoom-in.png
Not Found: /sobha/static/fonts/Arial-Regular/Arial.woff
Not Found: /sobha/static/fonts/Arial-Regular/Arial.ttf
Not Found: /sobha/images/fav-icon.png
Not Found: /sobha/static/js/bootstrap.bundle.min.js.map
Not Found: /sobha/static/css/bootstrap.min.css.map
Not Found: /sobha/static/fonts/Arial-Regular/Arial.woff2
Not Found: /sobha/static/images/zoom-in.png
Not Found: /sobha/static/fonts/Arial-Regular/Arial.woff
Not Found: /sobha/static/fonts/Arial-Regular/Arial.ttf
Not Found: /sobha/images/fav-icon.png
Not Found: /sobha/static/js/bootstrap.bundle.min.js.map
Not Found: /sobha/static/css/bootstrap.min.css.map
Not Found: /sobha/static/fonts/Arial-Regular/Arial.woff2
Not Found: /sobha/static/images/zoom-in.png
Not Found: /sobha/static/fonts/Arial-Regular/Arial.woff
Not Found: /sobha/static/fonts/Arial-Regular/Arial.ttf
Not Found: /sobha/images/fav-icon.png
Not Found: /sobha/static/js/bootstrap.bundle.min.js.map
Not Found: /sobha/static/css/bootstrap.min.css.map
Not Found: /sobha/static/fonts/Arial-Regular/Arial.woff2
Not Found: /sobha/static/images/zoom-in.png
Not Found: /sobha/static/fonts/Arial-Regular/Arial.woff
Not Found: /sobha/static/fonts/Arial-Regular/Arial.ttf
Not Found: /sobha/images/fav-icon.png
Not Found: /sobha/static/js/bootstrap.bundle.min.js.map
Not Found: /sobha/static/css/bootstrap.min.css.map
Not Found: /sobha/static/fonts/Arial-Regular/Arial.woff2
Not Found: /sobha/static/images/zoom-in.png
Not Found: /sobha/static/fonts/Arial-Regular/Arial.woff
Not Found: /sobha/static/fonts/Arial-Regular/Arial.ttf
Not Found: /sobha/images/fav-icon.png
Not Found: /sobha/static/fonts/Arial-Regular/Arial.woff2
Not Found: /sobha/static/images/zoom-in.png
Not Found: /sobha/static/fonts/Arial-Regular/Arial.woff
Not Found: /sobha/static/fonts/Arial-Regular/Arial.ttf
Not Found: /sobha/images/fav-icon.png
Not Found: /sobha/static/js/bootstrap.bundle.min.js.map
Not Found: /sobha/static/css/bootstrap.min.css.map
Not Found: /sobha/static/fonts/Arial-Regular/Arial.woff2
Not Found: /sobha/static/fonts/Arial-Regular/Arial.woff
Not Found: /sobha/static/images/zoom-in.png
Not Found: /sobha/static/fonts/Arial-Regular/Arial.ttf
Not Found: /sobha/static/js/bootstrap.bundle.min.js.map
Not Found: /sobha/static/css/bootstrap.min.css.map
Not Found: /sobha/static/css/bootstrap.min.css.map
Not Found: /sobha/static/js/bootstrap.bundle.min.js.map
Not Found: /sobha/static/images/zoom-in.png
Not Found: /sobha/static/fonts/Arial-Regular/Arial.woff2
Not Found: /sobha/static/fonts/Arial-Regular/Arial.woff
Not Found: /sobha/static/fonts/Arial-Regular/Arial.ttf
Not Found: /sobha/images/fav-icon.png
Not Found: /sobha/static/js/bootstrap.bundle.min.js.map
Not Found: /sobha/static/css/bootstrap.min.css.map
Not Found: /sobha/static/fonts/Arial-Regular/Arial.woff2
Not Found: /sobha/static/images/zoom-in.png
Not Found: /sobha/static/fonts/Arial-Regular/Arial.woff
Not Found: /sobha/static/fonts/Arial-Regular/Arial.ttf
Not Found: /sobha/static/js/bootstrap.bundle.min.js.map
Not Found: /sobha/static/css/bootstrap.min.css.map
Not Found: /sobha/static/fonts/Arial-Regular/Arial.woff2
Not Found: /sobha/static/fonts/Arial-Regular/Arial.woff
Not Found: /sobha/static/images/zoom-in.png
Not Found: /sobha/static/fonts/Arial-Regular/Arial.ttf
Not Found: /sobha/images/fav-icon.png
Not Found: /sobha/static/fonts/Arial-Regular/Arial.woff2
Not Found: /sobha/static/images/zoom-in.png
Not Found: /sobha/static/fonts/Arial-Regular/Arial.woff
Not Found: /sobha/static/fonts/Arial-Regular/Arial.ttf
Not Found: /sobha/images/fav-icon.png
Not Found: /sobha/static/js/bootstrap.bundle.min.js.map
Not Found: /sobha/static/css/bootstrap.min.css.map
Not Found: /sobha/static/fonts/Arial-Regular/Arial.woff2
Not Found: /sobha/static/images/zoom-in.png
Not Found: /sobha/static/fonts/Arial-Regular/Arial.woff
Not Found: /sobha/static/fonts/Arial-Regular/Arial.ttf
Not Found: /sobha/images/fav-icon.png
Not Found: /sobha/static/css/fancybox_overlay.png
Not Found: /sobha/static/css/blank.gif
Not Found: /sobha/static/css/fancybox_sprite.png
Invalid HTTP_HOST header: 'www.atstest.website'. You may need to add 'www.atstest.website' to ALLOWED_HOSTS.
Traceback (most recent call last):
  File "/home/atstlbzy/virtualenv/public_html/sobha/3.9/lib/python3.9/site-packages/django/core/handlers/exception.py", line 55, in inner
    response = get_response(request)
  File "/home/atstlbzy/virtualenv/public_html/sobha/3.9/lib/python3.9/site-packages/django/utils/deprecation.py", line 133, in __call__
    response = self.process_request(request)
  File "/home/atstlbzy/virtualenv/public_html/sobha/3.9/lib/python3.9/site-packages/django/middleware/common.py", line 48, in process_request
    host = request.get_host()
  File "/home/atstlbzy/virtualenv/public_html/sobha/3.9/lib/python3.9/site-packages/django/http/request.py", line 150, in get_host
    raise DisallowedHost(msg)
django.core.exceptions.DisallowedHost: Invalid HTTP_HOST header: 'www.atstest.website'. You may need to add 'www.atstest.website' to ALLOWED_HOSTS.
Bad Request: /sobha/
Not Found: /sobha/static/images/zoom-in.png
Not Found: /sobha/images/fav-icon.png
Not Found: /sobha/static/fonts/Arial-Regular/Arial.woff2
Not Found: /sobha/static/fonts/Arial-Regular/Arial.woff
Not Found: /sobha/static/fonts/Arial-Regular/Arial.ttf
Invalid HTTP_HOST header: 'www.atstest.website'. You may need to add 'www.atstest.website' to ALLOWED_HOSTS.
Traceback (most recent call last):
  File "/home/atstlbzy/virtualenv/public_html/sobha/3.9/lib/python3.9/site-packages/django/core/handlers/exception.py", line 55, in inner
    response = get_response(request)
  File "/home/atstlbzy/virtualenv/public_html/sobha/3.9/lib/python3.9/site-packages/django/utils/deprecation.py", line 133, in __call__
    response = self.process_request(request)
  File "/home/atstlbzy/virtualenv/public_html/sobha/3.9/lib/python3.9/site-packages/django/middleware/common.py", line 48, in process_request
    host = request.get_host()
  File "/home/atstlbzy/virtualenv/public_html/sobha/3.9/lib/python3.9/site-packages/django/http/request.py", line 150, in get_host
    raise DisallowedHost(msg)
django.core.exceptions.DisallowedHost: Invalid HTTP_HOST header: 'www.atstest.website'. You may need to add 'www.atstest.website' to ALLOWED_HOSTS.
Bad Request: /sobha/
Invalid HTTP_HOST header: 'www.atstest.website'. You may need to add 'www.atstest.website' to ALLOWED_HOSTS.
Traceback (most recent call last):
  File "/home/atstlbzy/virtualenv/public_html/sobha/3.9/lib/python3.9/site-packages/django/core/handlers/exception.py", line 55, in inner
    response = get_response(request)
  File "/home/atstlbzy/virtualenv/public_html/sobha/3.9/lib/python3.9/site-packages/django/utils/deprecation.py", line 133, in __call__
    response = self.process_request(request)
  File "/home/atstlbzy/virtualenv/public_html/sobha/3.9/lib/python3.9/site-packages/django/middleware/common.py", line 48, in process_request
    host = request.get_host()
  File "/home/atstlbzy/virtualenv/public_html/sobha/3.9/lib/python3.9/site-packages/django/http/request.py", line 150, in get_host
    raise DisallowedHost(msg)
django.core.exceptions.DisallowedHost: Invalid HTTP_HOST header: 'www.atstest.website'. You may need to add 'www.atstest.website' to ALLOWED_HOSTS.
Bad Request: /sobha/
Not Found: /sobha/static/fonts/Arial-Regular/Arial.woff2
Not Found: /sobha/static/fonts/Arial-Regular/Arial.woff
Not Found: /sobha/static/fonts/Arial-Regular/Arial.ttf
Not Found: /sobha/locality_map
Not Found: /sobha/images/fav-icon.png
Not Found: /sobha/static/fonts/Arial-Regular/Arial.woff2
Not Found: /sobha/static/images/zoom-in.png
Not Found: /sobha/static/fonts/Arial-Regular/Arial.woff
Not Found: /sobha/static/fonts/Arial-Regular/Arial.ttf
Not Found: /sobha/images/fav-icon.png
Not Found: /sobha/static/fonts/Arial-Regular/Arial.woff2
Not Found: /sobha/static/fonts/Arial-Regular/Arial.woff
Not Found: /sobha/static/fonts/Arial-Regular/Arial.woff2
Not Found: /sobha/static/fonts/Arial-Regular/Arial.ttf
Not Found: /sobha/static/fonts/Arial-Regular/Arial.woff
Not Found: /sobha/static/fonts/Arial-Regular/Arial.ttf
Not Found: /sobha/static/images/zoom-in.png
Not Found: /sobha/static/images/zoom-in.png
Not Found: /sobha/static/css/fancybox_overlay.png
Not Found: /sobha/static/css/blank.gif
Not Found: /sobha/static/css/fancybox_sprite.png
Invalid HTTP_HOST header: 'www.atstest.website'. You may need to add 'www.atstest.website' to ALLOWED_HOSTS.
Traceback (most recent call last):
  File "/home/atstlbzy/virtualenv/public_html/sobha/3.9/lib/python3.9/site-packages/django/core/handlers/exception.py", line 55, in inner
    response = get_response(request)
  File "/home/atstlbzy/virtualenv/public_html/sobha/3.9/lib/python3.9/site-packages/django/utils/deprecation.py", line 133, in __call__
    response = self.process_request(request)
  File "/home/atstlbzy/virtualenv/public_html/sobha/3.9/lib/python3.9/site-packages/django/middleware/common.py", line 48, in process_request
    host = request.get_host()
  File "/home/atstlbzy/virtualenv/public_html/sobha/3.9/lib/python3.9/site-packages/django/http/request.py", line 150, in get_host
    raise DisallowedHost(msg)
django.core.exceptions.DisallowedHost: Invalid HTTP_HOST header: 'www.atstest.website'. You may need to add 'www.atstest.website' to ALLOWED_HOSTS.
Bad Request: /sobha/
